<?xml version="1.0" encoding="UTF-8"?>
<testng-results ignored="0" total="1" passed="1" failed="0" skipped="0">
  <reporter-output>
  </reporter-output>
  <suite started-at="2025-12-29T21:58:46 IST" name="Default suite" finished-at="2025-12-29T21:58:47 IST" duration-ms="1481">
    <groups>
    </groups>
    <test started-at="2025-12-29T21:58:46 IST" name="Default test" finished-at="2025-12-29T21:58:47 IST" duration-ms="1481">
      <class name="baseLibrary.BaseLibrary">
        <test-method signature="launchUr()[pri:0, instance:baseLibrary.BaseLibrary@5b7a5baa]" started-at="2025-12-29T21:58:46 IST" name="launchUr" finished-at="2025-12-29T21:58:47 IST" duration-ms="1446" status="PASS">
          <reporter-output>
          </reporter-output>
        </test-method> <!-- launchUr -->
      </class> <!-- baseLibrary.BaseLibrary -->
    </test> <!-- Default test -->
  </suite> <!-- Default suite -->
</testng-results>
