<?xml version="1.0" encoding="UTF-8"?>
<testng-results ignored="0" total="1" passed="1" failed="0" skipped="0">
  <reporter-output>
  </reporter-output>
  <suite started-at="2025-12-29T23:05:27 IST" name="Suite" finished-at="2025-12-29T23:05:29 IST" duration-ms="2967">
    <groups>
    </groups>
    <test started-at="2025-12-29T23:05:27 IST" name="Test" finished-at="2025-12-29T23:05:29 IST" duration-ms="2967">
      <class name="baseLibrary.BaseLibrary">
        <test-method signature="launchUrl()[pri:0, instance:baseLibrary.BaseLibrary@333291e3]" started-at="2025-12-29T23:05:27 IST" name="launchUrl" finished-at="2025-12-29T23:05:29 IST" duration-ms="2935" status="PASS">
          <reporter-output>
          </reporter-output>
        </test-method> <!-- launchUrl -->
      </class> <!-- baseLibrary.BaseLibrary -->
    </test> <!-- Test -->
  </suite> <!-- Suite -->
</testng-results>
